<?xml version="1.0" encoding="UTF-8"?>
<!-- Generated by org.testng.reporters.JUnitReportReporter -->
<testsuite ignored="0" hostname="Gurky" failures="0" tests="1" name="testing.Test_selenium" time="2.619" errors="0" timestamp="21 jul 2024 03:02:30 GMT" skipped="0">
  <testcase classname="testing.Test_selenium" name="f" time="2.619"/>
</testsuite> <!-- testing.Test_selenium -->
